<?xml version="1.0" encoding="UTF-8"?>
<robot generator="Robot 7.0.1 (Python 3.12.5 on win32)" generated="2024-08-16T14:22:56.784583" rpa="false" schemaversion="5">
<suite id="s1" name="Test-Api-Get" source="C:\Users\CASA ODC\Downloads\automated_test\robot-framework-labs\api\tests\test-api-get.robot">
<test id="s1-t1" name="Fetch Jobs Using RequestsLibrary" line="10">
<kw name="Create Headers">
<kw name="Create Dictionary" owner="BuiltIn">
<msg time="2024-08-16T14:22:57.006275" level="INFO">${headers} = {'x-rapidapi-key': '6fc4363381mshccc938c5300e831p1a2d4cjsnc09dc6d2a411', 'x-rapidapi-host': 'rapid-linkedin-jobs-api.p.rapidapi.com'}</msg>
<var>${headers}</var>
<arg>x-rapidapi-key=${API_KEY}</arg>
<arg>x-rapidapi-host=${API_HOST}</arg>
<doc>Creates and returns a dictionary based on the given ``items``.</doc>
<status status="PASS" start="2024-08-16T14:22:57.006275" elapsed="0.000000"/>
</kw>
<return>
<value>${headers}</value>
<status status="PASS" start="2024-08-16T14:22:57.006275" elapsed="0.000000"/>
</return>
<msg time="2024-08-16T14:22:57.006275" level="INFO">${headers} = {'x-rapidapi-key': '6fc4363381mshccc938c5300e831p1a2d4cjsnc09dc6d2a411', 'x-rapidapi-host': 'rapid-linkedin-jobs-api.p.rapidapi.com'}</msg>
<var>${headers}</var>
<status status="PASS" start="2024-08-16T14:22:57.006275" elapsed="0.000000"/>
</kw>
<kw name="GET" owner="RequestsLibrary">
<msg time="2024-08-16T14:22:59.343288" level="INFO">GET Request : url=https://rapid-linkedin-jobs-api.p.rapidapi.com/search-jobs?keywords=golang&amp;locationId=92000000&amp;datePosted=anyTime&amp;sort=mostRelevant 
 path_url=/search-jobs?keywords=golang&amp;locationId=92000000&amp;datePosted=anyTime&amp;sort=mostRelevant 
 headers={'User-Agent': 'python-requests/2.32.3', 'Accept-Encoding': 'gzip, deflate', 'Accept': '*/*', 'Connection': 'keep-alive', 'x-rapidapi-key': '6fc4363381mshccc938c5300e831p1a2d4cjsnc09dc6d2a411', 'x-rapidapi-host': 'rapid-linkedin-jobs-api.p.rapidapi.com'} 
 body=None 
 </msg>
<msg time="2024-08-16T14:22:59.343288" level="INFO">GET Response : url=https://rapid-linkedin-jobs-api.p.rapidapi.com/search-jobs?keywords=golang&amp;locationId=92000000&amp;datePosted=anyTime&amp;sort=mostRelevant 
 status=200, reason=OK 
 headers={'Date': 'Fri, 16 Aug 2024 13:22:59 GMT', 'Content-Type': 'application/json', 'Transfer-Encoding': 'chunked', 'Connection': 'keep-alive', 'X-RateLimit-Requests-Limit': '50', 'X-RateLimit-Requests-Remaining': '10', 'X-RateLimit-Requests-Reset': '2664721', 'X-RateLimit-rapid-free-plans-hard-limit-Limit': '500000', 'X-RateLimit-rapid-free-plans-hard-limit-Remaining': '499960', 'X-RateLimit-rapid-free-plans-hard-limit-Reset': '2664721', 'Server': 'RapidAPI-1.2.8', 'X-RapidAPI-Version': '1.2.8', 'X-RapidAPI-Region': 'AWS - eu-west-1', 'X-RapidAPI-Request-Id': '846e22f6e2423df4552912b1afcafd5592ffb2b31eb990fdb67222f50b010247'} 
 body={"success":true,"message":"","data":[{"id":"3972090725","title":"Sales Director - Application Modernization for BFSI","url":"https://www.linkedin.com/jobs/view/3972090725","referenceId":"WYcjVirjfM6zmMHL2JdGeg==","posterId":"508855105","company":{"name":"Grape Up","logo":"https://media.licdn.com/dms/image/v2/D4D0BAQF5J93ZxLEbbA/company-logo_200_200/company-logo_200_200/0/1667811876161/grape_up_logo?e=1732147200\u0026v=beta\u0026t=mUnu1toUKZP8pyM8hsOO1t-v6cNjkiXvCoCasOFSqAs","url":"https://www.linkedin.com/company/grape-up/life","staffCountRange":{},"headquarter":{}},"location":"London Area, United Kingdom (Remote)","type":"Full-time","postDate":"1 week ago"},{"id":"3998111821","title":"Lead Go Developer for Innovation Trading Platform","url":"https://www.linkedin.com/jobs/view/3998111821","referenceId":"WYcjVirjfM6zmMHL2JdGeg==","posterId":"12613594","company":{"name":"Totally Tech","logo":"https://media.licdn.com/dms/image/v2/C560BAQFOM6EFabxgDw/company-logo_200_200/company-logo_200_200/0/1630564317951/totally_group_ltd_logo?e=1732147200\u0026v=beta\u0026t=J5oaa-Bcwdz2O6HY3waqXRPcXgTm7YARTl_fwvJEajE","url":"https://www.linkedin.com/company/totally-group/life","staffCountRange":{},"headquarter":{}},"location":"Greater London, England, United Kingdom (Hybrid)","type":"Contract","postDate":"6 days ago"},{"id":"3986971557","title":"Golang Engineer","url":"https://www.linkedin.com/jobs/view/3986971557","referenceId":"WYcjVirjfM6zmMHL2JdGeg==","posterId":"670075433","company":{"name":"Formula Recruitment","logo":"https://media.licdn.com/dms/image/v2/D4E0BAQHX23CSr-WM1w/company-logo_200_200/company-logo_200_200/0/1704186713262/formula_recruitment_logo?e=1732147200\u0026v=beta\u0026t=zi7lXqO3kz0sM41X2nd3-GiZYE9PbpDPZC89YGtKufo","url":"https://www.linkedin.com/company/formula-recruitment/life","staffCountRange":{},"headquarter":{}},"location":"Greater Bristol Area, United Kingdom (Hybrid)","type":"Full-time","postDate":"2 weeks ago","benefits":"£65K/yr - £75K/yr"},{"id":"3961913751","title":"Senior Golang Engineer","url":"https://www.linkedin.com/jobs/view/3961913751","referenceId":"WYcjVirjfM6zmMHL2JdGeg==","posterId":"628809111","company":{"name":"American Express","logo":"https://media.licdn.com/dms/image/v2/C4D0BAQGRhsociEn4gQ/company-logo_200_200/company-logo_200_200/0/1631367875582?e=1732147200\u0026v=beta\u0026t=XdliI5VvFVZUTCHaRIvO9BNjudT2jTqFNzLV8OvDWhs","url":"https://www.linkedin.com/company/american-express/life","staffCountRange":{},"headquarter":{}},"location":"Burgess Hill, England, United Kingdom (Hybrid)","type":"Full-time","postDate":"2 days ago"},{"id":"3951063048","title":"Go Developer - Remote in the UK ","url":"https://www.linkedin.com/jobs/view/3951063048","referenceId":"WYcjVirjfM6zmMHL2JdGeg==","posterId":"289908052","company":{"name":"Revoco","logo":"https://media.licdn.com/dms/image/v2/C4E0BAQH5yrth2U2eCA/company-logo_200_200/company-logo_200_200/0/1656934113770/revoco_logo?e=1732147200\u0026v=beta\u0026t=7elD1oBwb1V4ENl-yZQ9UOjHcpDbtTTvL-v7K06yH2Q","url":"https://www.linkedin.com/company/revoco/life","staffCountRange":{},"headquarter":{}},"location":"England, United Kingdom (On-site)","type":"Full-time","postDate":"4 weeks ago","benefits":"£70K/yr - £75K/yr"},{"id":"3984627688","title":"Golang Developer","url":"https://www.linkedin.com/jobs/view/3984627688","referenceId":"WYcjVirjfM6zmMHL2JdGeg==","posterId":"890729889","company":{"name":"Signify Technology","logo":"https://media.licdn.com/dms/image/v2/D4E0BAQFnlWc-kLBtUQ/company-logo_200_200/company-logo_200_200/0/1701774975103/signify_technology_logo?e=1732147200\u0026v=beta\u0026t=BU_JMD0PKlhNPLFdLRoGolMSXvSQcWWsy8AS9yRRHjw","url":"https://www.linkedin.com/company/signify-technology/life","staffCountRange":{},"headquarter":{}},"location":"London Area, United Kingdom (Hybrid)","type":"Full-time","postDate":"3 weeks ago"},{"id":"3909420858","title":"Go Lang developer","url":"https://www.linkedin.com/jobs/view/3909420858","referenceId":"WYcjVirjfM6zmMHL2JdGeg==","posterId":"276857962","company":{"name":"Photon","logo":"https://media.licdn.com/dms/image/v2/C4D0BAQGdkIvXUdQMEA/company-logo_200_200/company-logo_200_200/0/1672822694984/photon_interactive_logo?e=1732147200\u0026v=beta\u0026t=9g1XTejCVKjyi_LhQIH4hpV52dWJ1LCTVZQyY_vyGBE","url":"https://www.linkedin.com/company/photon-interactive/life","staffCountRange":{},"headquarter":{}},"location":"London Area, United Kingdom (On-site)","type":"Contract","postDate":"2 months ago"},{"id":"3996278213","title":"GoLang Developer","url":"https://www.linkedin.com/jobs/view/3996278213","referenceId":"WYcjVirjfM6zmMHL2JdGeg==","posterId":"327127622","company":{"name":"Fruition IT","logo":"https://media.licdn.com/dms/image/v2/C4D0BAQEttMbPobRWng/company-logo_200_200/company-logo_200_200/0/1630548086733/fruition_it_logo?e=1732147200\u0026v=beta\u0026t=flMbYXOCiABMDTjeslEPYzVfn043AQP1bLhHDWCLFig","url":"https://www.linkedin.com/company/fruition-it/life","staffCountRange":{},"headquarter":{}},"location":"London Area, United Kingdom (Remote)","type":"Contract","postDate":"1 week ago"},{"id":"3736604544","title":"Golang Engineer","url":"https://www.linkedin.com/jobs/view/3736604544","referenceId":"WYcjVirjfM6zmMHL2JdGeg==","posterId":"399720430","company":{"name":"Canonical","logo":"https://media.licdn.com/dms/image/v2/C560BAQEbIYAkAURcYw/company-logo_200_200/company-logo_200_200/0/1650566107463/canonical_logo?e=1732147200\u0026v=beta\u0026t=BRsbP1wI-LJ_IFsZit1H4ClGV_AAarKnoSxgj0io1hI","url":"https://www.linkedin.com/company/canonical/life","staffCountRange":{},"headquarter":{}},"location":"London, England, United Kingdom (Remote)","type":"Full-time","postDate":"1 week ago"},{"id":"3954284762","title":"Senior Software Engineer (Golang)","url":"https://www.linkedin.com/jobs/view/3954284762","referenceId":"WYcjVirjfM6zmMHL2JdGeg==","posterId":"619032654","company":{"name":"Arenko","logo":"https://media.licdn.com/dms/image/v2/D4E0BAQGh9AtaZ3mBrQ/company-logo_200_200/company-logo_200_200/0/1667316921753/arenko_cleantech_logo?e=1732147200\u0026v=beta\u0026t=4PslkpgK-izalB8IFw2Q4IDOjPmYYVBjs_y9C1-6ec4","url":"https://www.linkedin.com/company/arenko-cleantech/life","staffCountRange":{},"headquarter":{}},"location":"London, England, United Kingdom (On-site)","type":"Full-time","postDate":"1 week ago"},{"id":"3958029362","title":"Senior Golang Engineer","url":"https://www.linkedin.com/jobs/view/3958029362","referenceId":"WYcjVirjfM6zmMHL2JdGeg==","posterId":"946542509","company":{"name":"trg.recruitment","logo":"https://media.licdn.com/dms/image/C4D0BAQE36vV2w0OEIg/company-logo_200_200/0/1630507278621/trg_recruitment_logo?e=1732147200\u0026v=beta\u0026t=fdLI4q4fRuqbKlTEILphPXCfMZVgw5xk5hV08eZuQVI","url":"https://www.linkedin.com/company/trg-recruitment/life","staffCountRange":{},"headquarter":{}},"location":"London Area, United Kingdom (On-site)","type":"Full-time","postDate":"3 weeks ago","benefits":"£90K/yr - £100K/yr"},{"id":"3976014911","title":"Cloud Identity Engineer - GOlang","url":"https://www.linkedin.com/jobs/view/3976014911","referenceId":"WYcjVirjfM6zmMHL2JdGeg==","posterId":"405551894","company":{"name":"Photon","logo":"https://media.licdn.com/dms/image/v2/C4D0BAQGdkIvXUdQMEA/company-logo_200_200/company-logo_200_200/0/1672822694984/photon_interactive_logo?e=1732147200\u0026v=beta\u0026t=9g1XTejCVKjyi_LhQIH4hpV52dWJ1LCTVZQyY_vyGBE","url":"https://www.linkedin.com/company/photon-interactive/life","staffCountRange":{},"headquarter":{}},"location":"London Area, United Kingdom (Hybrid)","type":"Contract","postDate":"4 days ago"},{"id":"3920101264","title":"Back End Developer (Golang)","url":"https://www.linkedin.com/jobs/view/3920101264","referenceId":"WYcjVirjfM6zmMHL2JdGeg==","posterId":"182626621","company":{"name":"Fast Track","logo":"https://media.licdn.com/dms/image/v2/C4D0BAQHl7ZsG8k64Tw/company-logo_200_200/company-logo_200_200/0/1630577542806/fast_track_crm_logo?e=1732147200\u0026v=beta\u0026t=zZ6ePaP77PQ8K4mbwvbxUj5wjuK3lo4-TwvVXfaOQtE","url":"https://www.linkedin.com/company/fast-track-crm/life","staffCountRange":{},"headquarter":{}},"location":"Sliema, Sliema, Malta (On-site)","type":"Full-time","postDate":"1 week ago"},{"id":"3976059209","title":"Backend Developer (Golang \u0026 Scala)","url":"https://www.linkedin.com/jobs/view/3976059209","referenceId":"WYcjVirjfM6zmMHL2JdGeg==","posterId":"19349779","company":{"name":"Signify Technology","logo":"https://media.licdn.com/dms/image/v2/D4E0BAQFnlWc-kLBtUQ/company-logo_200_200/company-logo_200_200/0/1701774975103/signify_technology_logo?e=1732147200\u0026v=beta\u0026t=BU_JMD0PKlhNPLFdLRoGolMSXvSQcWWsy8AS9yRRHjw","url":"https://www.linkedin.com/company/signify-technology/life","staffCountRange":{},"headquarter":{}},"location":"London, England, United Kingdom (Remote)","type":"Contract","postDate":"1 week ago"},{"id":"3988577074","title":"Golang Software Engineer ","url":"https://www.linkedin.com/jobs/view/3988577074","referenceId":"WYcjVirjfM6zmMHL2JdGeg==","posterId":"30337963","company":{"name":"Adria Solutions Ltd","logo":"https://media.licdn.com/dms/image/v2/C4D0BAQFgNmC8zQkR3Q/company-logo_200_200/company-logo_200_200/0/1630492782355/adria_solutions_ltd_logo?e=1732147200\u0026v=beta\u0026t=FYkmSFYOKba71XQlZ_p6saQRmLAfs5HkU8yAxoZ7s-o","url":"https://www.linkedin.com/company/adria-solutions-ltd/life","staffCountRange":{},"headquarter":{}},"location":"Manchester, England, United Kingdom (Hybrid)","type":"Full-time","postDate":"2 weeks ago","benefits":"£50K/yr - £60K/yr"},{"id":"3996225972","title":"Lead Golang Engineer","url":"https://www.linkedin.com/jobs/view/3996225972","referenceId":"WYcjVirjfM6zmMHL2JdGeg==","posterId":"517380062","company":{"name":"NDC Tek","logo":"https://media.licdn.com/dms/image/v2/C560BAQEQV5E-6buQnw/company-logo_200_200/company-logo_200_200/0/1630605679520?e=1732147200\u0026v=beta\u0026t=ScUIiXJNMmKmhElNUk_25T61W27-5fhtooeioO-G_dM","url":"https://www.linkedin.com/company/ndctek/life","staffCountRange":{},"headquarter":... (set the log level to DEBUG or TRACE to see the full content) 
 </msg>
<msg time="2024-08-16T14:22:59.343288" level="INFO">${response} = &lt;Response [200]&gt;</msg>
<var>${response}</var>
<arg>${BASE_URL}/search-jobs</arg>
<arg>headers=${headers}</arg>
<arg>params=keywords=golang&amp;locationId=92000000&amp;datePosted=anyTime&amp;sort=mostRelevant</arg>
<doc>Sends a GET request.</doc>
<status status="PASS" start="2024-08-16T14:22:57.006275" elapsed="2.338026"/>
</kw>
<kw name="Should Be Equal As Numbers" owner="BuiltIn">
<msg time="2024-08-16T14:22:59.344301" level="INFO">Argument types are:
&lt;class 'int'&gt;
&lt;class 'str'&gt;</msg>
<arg>${response.status_code}</arg>
<arg>200</arg>
<doc>Fails if objects are unequal after converting them to real numbers.</doc>
<status status="PASS" start="2024-08-16T14:22:59.344301" elapsed="0.000000"/>
</kw>
<kw name="Log" owner="BuiltIn">
<msg time="2024-08-16T14:22:59.345306" level="INFO">{"success":true,"message":"","data":[{"id":"3972090725","title":"Sales Director - Application Modernization for BFSI","url":"https://www.linkedin.com/jobs/view/3972090725","referenceId":"WYcjVirjfM6zmMHL2JdGeg==","posterId":"508855105","company":{"name":"Grape Up","logo":"https://media.licdn.com/dms/image/v2/D4D0BAQF5J93ZxLEbbA/company-logo_200_200/company-logo_200_200/0/1667811876161/grape_up_logo?e=1732147200\u0026v=beta\u0026t=mUnu1toUKZP8pyM8hsOO1t-v6cNjkiXvCoCasOFSqAs","url":"https://www.linkedin.com/company/grape-up/life","staffCountRange":{},"headquarter":{}},"location":"London Area, United Kingdom (Remote)","type":"Full-time","postDate":"1 week ago"},{"id":"3998111821","title":"Lead Go Developer for Innovation Trading Platform","url":"https://www.linkedin.com/jobs/view/3998111821","referenceId":"WYcjVirjfM6zmMHL2JdGeg==","posterId":"12613594","company":{"name":"Totally Tech","logo":"https://media.licdn.com/dms/image/v2/C560BAQFOM6EFabxgDw/company-logo_200_200/company-logo_200_200/0/1630564317951/totally_group_ltd_logo?e=1732147200\u0026v=beta\u0026t=J5oaa-Bcwdz2O6HY3waqXRPcXgTm7YARTl_fwvJEajE","url":"https://www.linkedin.com/company/totally-group/life","staffCountRange":{},"headquarter":{}},"location":"Greater London, England, United Kingdom (Hybrid)","type":"Contract","postDate":"6 days ago"},{"id":"3986971557","title":"Golang Engineer","url":"https://www.linkedin.com/jobs/view/3986971557","referenceId":"WYcjVirjfM6zmMHL2JdGeg==","posterId":"670075433","company":{"name":"Formula Recruitment","logo":"https://media.licdn.com/dms/image/v2/D4E0BAQHX23CSr-WM1w/company-logo_200_200/company-logo_200_200/0/1704186713262/formula_recruitment_logo?e=1732147200\u0026v=beta\u0026t=zi7lXqO3kz0sM41X2nd3-GiZYE9PbpDPZC89YGtKufo","url":"https://www.linkedin.com/company/formula-recruitment/life","staffCountRange":{},"headquarter":{}},"location":"Greater Bristol Area, United Kingdom (Hybrid)","type":"Full-time","postDate":"2 weeks ago","benefits":"£65K/yr - £75K/yr"},{"id":"3961913751","title":"Senior Golang Engineer","url":"https://www.linkedin.com/jobs/view/3961913751","referenceId":"WYcjVirjfM6zmMHL2JdGeg==","posterId":"628809111","company":{"name":"American Express","logo":"https://media.licdn.com/dms/image/v2/C4D0BAQGRhsociEn4gQ/company-logo_200_200/company-logo_200_200/0/1631367875582?e=1732147200\u0026v=beta\u0026t=XdliI5VvFVZUTCHaRIvO9BNjudT2jTqFNzLV8OvDWhs","url":"https://www.linkedin.com/company/american-express/life","staffCountRange":{},"headquarter":{}},"location":"Burgess Hill, England, United Kingdom (Hybrid)","type":"Full-time","postDate":"2 days ago"},{"id":"3951063048","title":"Go Developer - Remote in the UK ","url":"https://www.linkedin.com/jobs/view/3951063048","referenceId":"WYcjVirjfM6zmMHL2JdGeg==","posterId":"289908052","company":{"name":"Revoco","logo":"https://media.licdn.com/dms/image/v2/C4E0BAQH5yrth2U2eCA/company-logo_200_200/company-logo_200_200/0/1656934113770/revoco_logo?e=1732147200\u0026v=beta\u0026t=7elD1oBwb1V4ENl-yZQ9UOjHcpDbtTTvL-v7K06yH2Q","url":"https://www.linkedin.com/company/revoco/life","staffCountRange":{},"headquarter":{}},"location":"England, United Kingdom (On-site)","type":"Full-time","postDate":"4 weeks ago","benefits":"£70K/yr - £75K/yr"},{"id":"3984627688","title":"Golang Developer","url":"https://www.linkedin.com/jobs/view/3984627688","referenceId":"WYcjVirjfM6zmMHL2JdGeg==","posterId":"890729889","company":{"name":"Signify Technology","logo":"https://media.licdn.com/dms/image/v2/D4E0BAQFnlWc-kLBtUQ/company-logo_200_200/company-logo_200_200/0/1701774975103/signify_technology_logo?e=1732147200\u0026v=beta\u0026t=BU_JMD0PKlhNPLFdLRoGolMSXvSQcWWsy8AS9yRRHjw","url":"https://www.linkedin.com/company/signify-technology/life","staffCountRange":{},"headquarter":{}},"location":"London Area, United Kingdom (Hybrid)","type":"Full-time","postDate":"3 weeks ago"},{"id":"3909420858","title":"Go Lang developer","url":"https://www.linkedin.com/jobs/view/3909420858","referenceId":"WYcjVirjfM6zmMHL2JdGeg==","posterId":"276857962","company":{"name":"Photon","logo":"https://media.licdn.com/dms/image/v2/C4D0BAQGdkIvXUdQMEA/company-logo_200_200/company-logo_200_200/0/1672822694984/photon_interactive_logo?e=1732147200\u0026v=beta\u0026t=9g1XTejCVKjyi_LhQIH4hpV52dWJ1LCTVZQyY_vyGBE","url":"https://www.linkedin.com/company/photon-interactive/life","staffCountRange":{},"headquarter":{}},"location":"London Area, United Kingdom (On-site)","type":"Contract","postDate":"2 months ago"},{"id":"3996278213","title":"GoLang Developer","url":"https://www.linkedin.com/jobs/view/3996278213","referenceId":"WYcjVirjfM6zmMHL2JdGeg==","posterId":"327127622","company":{"name":"Fruition IT","logo":"https://media.licdn.com/dms/image/v2/C4D0BAQEttMbPobRWng/company-logo_200_200/company-logo_200_200/0/1630548086733/fruition_it_logo?e=1732147200\u0026v=beta\u0026t=flMbYXOCiABMDTjeslEPYzVfn043AQP1bLhHDWCLFig","url":"https://www.linkedin.com/company/fruition-it/life","staffCountRange":{},"headquarter":{}},"location":"London Area, United Kingdom (Remote)","type":"Contract","postDate":"1 week ago"},{"id":"3736604544","title":"Golang Engineer","url":"https://www.linkedin.com/jobs/view/3736604544","referenceId":"WYcjVirjfM6zmMHL2JdGeg==","posterId":"399720430","company":{"name":"Canonical","logo":"https://media.licdn.com/dms/image/v2/C560BAQEbIYAkAURcYw/company-logo_200_200/company-logo_200_200/0/1650566107463/canonical_logo?e=1732147200\u0026v=beta\u0026t=BRsbP1wI-LJ_IFsZit1H4ClGV_AAarKnoSxgj0io1hI","url":"https://www.linkedin.com/company/canonical/life","staffCountRange":{},"headquarter":{}},"location":"London, England, United Kingdom (Remote)","type":"Full-time","postDate":"1 week ago"},{"id":"3954284762","title":"Senior Software Engineer (Golang)","url":"https://www.linkedin.com/jobs/view/3954284762","referenceId":"WYcjVirjfM6zmMHL2JdGeg==","posterId":"619032654","company":{"name":"Arenko","logo":"https://media.licdn.com/dms/image/v2/D4E0BAQGh9AtaZ3mBrQ/company-logo_200_200/company-logo_200_200/0/1667316921753/arenko_cleantech_logo?e=1732147200\u0026v=beta\u0026t=4PslkpgK-izalB8IFw2Q4IDOjPmYYVBjs_y9C1-6ec4","url":"https://www.linkedin.com/company/arenko-cleantech/life","staffCountRange":{},"headquarter":{}},"location":"London, England, United Kingdom (On-site)","type":"Full-time","postDate":"1 week ago"},{"id":"3958029362","title":"Senior Golang Engineer","url":"https://www.linkedin.com/jobs/view/3958029362","referenceId":"WYcjVirjfM6zmMHL2JdGeg==","posterId":"946542509","company":{"name":"trg.recruitment","logo":"https://media.licdn.com/dms/image/C4D0BAQE36vV2w0OEIg/company-logo_200_200/0/1630507278621/trg_recruitment_logo?e=1732147200\u0026v=beta\u0026t=fdLI4q4fRuqbKlTEILphPXCfMZVgw5xk5hV08eZuQVI","url":"https://www.linkedin.com/company/trg-recruitment/life","staffCountRange":{},"headquarter":{}},"location":"London Area, United Kingdom (On-site)","type":"Full-time","postDate":"3 weeks ago","benefits":"£90K/yr - £100K/yr"},{"id":"3976014911","title":"Cloud Identity Engineer - GOlang","url":"https://www.linkedin.com/jobs/view/3976014911","referenceId":"WYcjVirjfM6zmMHL2JdGeg==","posterId":"405551894","company":{"name":"Photon","logo":"https://media.licdn.com/dms/image/v2/C4D0BAQGdkIvXUdQMEA/company-logo_200_200/company-logo_200_200/0/1672822694984/photon_interactive_logo?e=1732147200\u0026v=beta\u0026t=9g1XTejCVKjyi_LhQIH4hpV52dWJ1LCTVZQyY_vyGBE","url":"https://www.linkedin.com/company/photon-interactive/life","staffCountRange":{},"headquarter":{}},"location":"London Area, United Kingdom (Hybrid)","type":"Contract","postDate":"4 days ago"},{"id":"3920101264","title":"Back End Developer (Golang)","url":"https://www.linkedin.com/jobs/view/3920101264","referenceId":"WYcjVirjfM6zmMHL2JdGeg==","posterId":"182626621","company":{"name":"Fast Track","logo":"https://media.licdn.com/dms/image/v2/C4D0BAQHl7ZsG8k64Tw/company-logo_200_200/company-logo_200_200/0/1630577542806/fast_track_crm_logo?e=1732147200\u0026v=beta\u0026t=zZ6ePaP77PQ8K4mbwvbxUj5wjuK3lo4-TwvVXfaOQtE","url":"https://www.linkedin.com/company/fast-track-crm/life","staffCountRange":{},"headquarter":{}},"location":"Sliema, Sliema, Malta (On-site)","type":"Full-time","postDate":"1 week ago"},{"id":"3976059209","title":"Backend Developer (Golang \u0026 Scala)","url":"https://www.linkedin.com/jobs/view/3976059209","referenceId":"WYcjVirjfM6zmMHL2JdGeg==","posterId":"19349779","company":{"name":"Signify Technology","logo":"https://media.licdn.com/dms/image/v2/D4E0BAQFnlWc-kLBtUQ/company-logo_200_200/company-logo_200_200/0/1701774975103/signify_technology_logo?e=1732147200\u0026v=beta\u0026t=BU_JMD0PKlhNPLFdLRoGolMSXvSQcWWsy8AS9yRRHjw","url":"https://www.linkedin.com/company/signify-technology/life","staffCountRange":{},"headquarter":{}},"location":"London, England, United Kingdom (Remote)","type":"Contract","postDate":"1 week ago"},{"id":"3988577074","title":"Golang Software Engineer ","url":"https://www.linkedin.com/jobs/view/3988577074","referenceId":"WYcjVirjfM6zmMHL2JdGeg==","posterId":"30337963","company":{"name":"Adria Solutions Ltd","logo":"https://media.licdn.com/dms/image/v2/C4D0BAQFgNmC8zQkR3Q/company-logo_200_200/company-logo_200_200/0/1630492782355/adria_solutions_ltd_logo?e=1732147200\u0026v=beta\u0026t=FYkmSFYOKba71XQlZ_p6saQRmLAfs5HkU8yAxoZ7s-o","url":"https://www.linkedin.com/company/adria-solutions-ltd/life","staffCountRange":{},"headquarter":{}},"location":"Manchester, England, United Kingdom (Hybrid)","type":"Full-time","postDate":"2 weeks ago","benefits":"£50K/yr - £60K/yr"},{"id":"3996225972","title":"Lead Golang Engineer","url":"https://www.linkedin.com/jobs/view/3996225972","referenceId":"WYcjVirjfM6zmMHL2JdGeg==","posterId":"517380062","company":{"name":"NDC Tek","logo":"https://media.licdn.com/dms/image/v2/C560BAQEQV5E-6buQnw/company-logo_200_200/company-logo_200_200/0/1630605679520?e=1732147200\u0026v=beta\u0026t=ScUIiXJNMmKmhElNUk_25T61W27-5fhtooeioO-G_dM","url":"https://www.linkedin.com/company/ndctek/life","staffCountRange":{},"headquarter":{}},"location":"Greater London, England, United Kingdom (On-site)","type":"Full-time","postDate":"1 week ago"},{"id":"3984791709","title":"Golang Engineer","url":"https://www.linkedin.com/jobs/view/3984791709","referenceId":"WYcjVirjfM6zmMHL2JdGeg==","posterId":"877022174","company":{"name":"Go Tek","logo":"https://media.licdn.com/dms/image/v2/D560BAQEB2ugkzeCTEQ/company-logo_200_200/company-logo_200_200/0/1684422809585/go_tek_logo?e=1732147200\u0026v=beta\u0026t=Fod-07P_QO3WAOS5PCyvBPtncYYMxyivSN7TTr3QaY8","url":"https://www.linkedin.com/company/go-tek/life","staffCountRange":{},"headquarter":{}},"location":"London Area, United Kingdom (Hybrid)","type":"Full-time","postDate":"3 weeks ago"},{"id":"3112641677","title":"Software Engineer - App Stores Backend (Remote)","url":"https://www.linkedin.com/jobs/view/3112641677","referenceId":"WYcjVirjfM6zmMHL2JdGeg==","posterId":"399720430","company":{"name":"Canonical","logo":"https://media.licdn.com/dms/image/v2/C560BAQEbIYAkAURcYw/company-logo_200_200/company-logo_200_200/0/1650566107463/canonical_logo?e=1732147200\u0026v=beta\u0026t=BRsbP1wI-LJ_IFsZit1H4ClGV_AAarKnoSxgj0io1hI","url":"https://www.linkedin.com/company/canonical/life","staffCountRange":{},"headquarter":{}},"location":"London, England, United Kingdom (Remote)","type":"Full-time","postDate":"1 week ago"},{"id":"3990686928","title":"Senior Developer","url":"https://www.linkedin.com/jobs/view/3990686928","referenceId":"WYcjVirjfM6zmMHL2JdGeg==","posterId":"10683181","company":{"name":"Code Wizards","logo":"https://media.licdn.com/dms/image/D4D0BAQEc7kfhpQrWvg/company-logo_200_200/0/1692713395135/codewizardslimited_logo?e=1732147200\u0026v=beta\u0026t=_Ha7oDdR5cKCzZxeOeR2yz6XKVB1CiFFWxRg5STwF28","url":"https://www.linkedin.com/company/codewizardsgroup/life","staffCountRange":{},"headquarter":{}},"location":"Theale, England, United Kingdom (Hybrid)","type":"Full-time","postDate":"2 weeks ago"},{"id":"3992510106","title":"Software Engineer III - Java \u0026 Go","url":"https://www.linkedin.com/jobs/view/3992510106","referenceId":"WYcjVirjfM6zmMHL2JdGeg==","posterId":"6077559","company":{"name":"JPMorganChase","logo":"https://media.licdn.com/dms/image/D4E0BAQGxpntCyRgsuA/company-logo_200_200/0/1718711710850/jpmorganchase_logo?e=1732147200\u0026v=beta\u0026t=giOcy2AR3RzP3wVOCsAEBzI4XeVZHKrkjjLLlNZYiIQ","url":"https://www.linkedin.com/company/jpmorganchase/life","staffCountRange":{},"headquarter":{}},"location":"London, England, United Kingdom","type":"Full-time","postDate":"1 week ago"},{"id":"3962388858","title":"Backend Golang Developer","url":"https://www.linkedin.com/jobs/view/3962388858","referenceId":"WYcjVirjfM6zmMHL2JdGeg==","posterId":"618307972","company":{"name":"Trust Wallet","logo":"https://media.licdn.com/dms/image/D560BAQFMzZp7gW8MHQ/company-logo_200_200/0/1697458381152/trustwallet_logo?e=1732147200\u0026v=beta\u0026t=Rq6BupVGdxveFlUFh342YYhRxh--BCsomrSmbYrxIXU","url":"https://www.linkedin.com/company/trustwallet/life","staffCountRange":{},"headquarter":{}},"location":"United Kingdom (Remote)","type":"Full-time","postDate":"3 days ago"},{"id":"4001454491","title":"Senior Backend Engineer","url":"https://www.linkedin.com/jobs/view/4001454491","referenceId":"WYcjVirjfM6zmMHL2JdGeg==","posterId":"78653361","company":{"name":"August","logo":"https://media.licdn.com/dms/image/v2/D4E0BAQFVl1efCSIGKQ/company-logo_200_200/company-logo_200_200/0/1710423240795/theaugustapp_logo?e=1732147200\u0026v=beta\u0026t=G7_Y0RqoAO77_9ZH90WREvbQpMTSS79bC3RpQephwxg","url":"https://www.linkedin.com/company/theaugustapp/life","staffCountRange":{},"headquarter":{}},"location":"London Area, United Kingdom (Hybrid)","type":"Full-time","postDate":"2 days ago"},{"id":"3994563808","title":"Software Engineer (Golang) - Payments Team - ProcessOut","url":"https://www.linkedin.com/jobs/view/3994563808","referenceId":"WYcjVirjfM6zmMHL2JdGeg==","posterId":"1984257","company":{"name":"Checkout.com","logo":"https://media.licdn.com/dms/image/D4E0BAQGdlxyNVZn0gg/company-logo_200_200/0/1697618421697/checkout_logo?e=1732147200\u0026v=beta\u0026t=ua9uc5eZfLON-kJayuA8heeSRFS0TgYBqjNuJMzIOQw","url":"https://www.linkedin.com/company/checkout/life","staffCountRange":{},"headquarter":{}},"location":"London, England, United Kingdom (Hybrid)","type":"Full-time","postDate":"1 week ago"},{"id":"3982200153","title":"Golang Developer","url":"https://www.linkedin.com/jobs/view/3982200153","referenceId":"WYcjVirjfM6zmMHL2JdGeg==","posterId":"19349779","company":{"name":"Signify Technology","logo":"https://media.licdn.com/dms/image/v2/D4E0BAQFnlWc-kLBtUQ/company-logo_200_200/company-logo_200_200/0/1701774975103/signify_technology_logo?e=1732147200\u0026v=beta\u0026t=BU_JMD0PKlhNPLFdLRoGolMSXvSQcWWsy8AS9yRRHjw","url":"https://www.linkedin.com/company/signify-technology/life","staffCountRange":{},"headquarter":{}},"location":"London, England, United Kingdom (Hybrid)","type":"Full-time","postDate":"3 hours ago"},{"id":"3991644952","title":"Full stack Software Engineer - Azure / Golang","url":"https://www.linkedin.com/jobs/view/3991644952","referenceId":"WYcjVirjfM6zmMHL2JdGeg==","posterId":"9624704","company":{"name":"Diamond4Jobs","logo":"https://media.licdn.com/dms/image/v2/C4E0BAQE_APBtlKi7kA/company-logo_200_200/company-logo_200_200/0/1653922943670?e=1732147200\u0026v=beta\u0026t=FPVS1NiQj1UZ5sDB7TTUbtsSVHksPknJNHDYyV5qSUc","url":"https://www.linkedin.com/company/diamond4jobs/life","staffCountRange":{},"headquarter":{}},"location":"Milton Keynes, England, United Kingdom (Hybrid)","type":"Full-time","postDate":"1 week ago","benefits":"£65K/yr"}],"total":140936}
</msg>
<arg>${response.text}</arg>
<doc>Logs the given message with the given level.</doc>
<status status="PASS" start="2024-08-16T14:22:59.345306" elapsed="0.000000"/>
</kw>
<status status="PASS" start="2024-08-16T14:22:57.006275" elapsed="2.339031"/>
</test>
<status status="PASS" start="2024-08-16T14:22:56.784583" elapsed="2.561718"/>
</suite>
<statistics>
<total>
<stat pass="1" fail="0" skip="0">All Tests</stat>
</total>
<tag>
</tag>
<suite>
<stat pass="1" fail="0" skip="0" id="s1" name="Test-Api-Get">Test-Api-Get</stat>
</suite>
</statistics>
<errors>
</errors>
</robot>
